{"message":"    Method: GET, URL: /users, status: 200, query object: {}, request body: {}","level":"info"}
{"message":"    Method: GET, URL: /boards, status: 200, query object: {}, request body: {}","level":"info"}
{"message":"    Method: POST, URL: /boards, status: 200, query object: {}, request body: {\"title\":\"string\",\"columns\":[{\"title\":\"string\",\"order\":0}]}","level":"info"}
{"message":"    Method: GET, URL: /boards/141e3ef3-219f-4ea2-af63-9128e0bc284a, status: 200, query object: {}, request body: {}","level":"info"}
{"message":"    Method: GET, URL: /boards/141e3ef3-219f-4ea2-af63-9128e0bc284b, status: 200, query object: {}, request body: {}","level":"info"}
{"message":"   Unhandled rejection detected: 404","level":"error"}
{"message":"    Method: GET, URL: /boards/141e3ef3-219f-4ea2-af63-9128e0bc284a, status: 200, query object: {}, request body: {}","level":"info"}
{"message":"    Method: GET, URL: /boards/141e3ef3-219f-4ea2-af63-9128e0bc284b, status: 200, query object: {}, request body: {}","level":"info"}
{"message":"   Unhandled rejection detected: 404","level":"error"}
{"message":"    Method: GET, URL: /boards/141e3ef3-219f-4ea2-af63-9128e0bc284a, status: 200, query object: {}, request body: {}","level":"info"}
{"message":"   Unhandled rejection detected: 404","level":"error"}
{"message":"    Method: GET, URL: /boards/141e3ef3-219f-4ea2-af63-9128e0bc284a, status: 200, query object: {}, request body: {}","level":"info"}
{"message":"   Unhandled rejection detected: 404","level":"error"}
{"message":"    Method: POST, URL: /boards, status: 200, query object: {}, request body: {\"title\":\"string\",\"columns\":[{\"title\":\"string\",\"order\":0}]}","level":"info"}
{"message":"    Method: GET, URL: /boards/bf225fa8-11f3-4066-88a5-92bd34838b52, status: 200, query object: {}, request body: {}","level":"info"}
{"message":"    Method: GET, URL: /boards/bf225fa8-11f3-4066-88a5-92bd34838b53, status: 200, query object: {}, request body: {}","level":"info"}
{"message":"   Unhandled rejection detected: 404","level":"error"}
{"message":"    Method: GET, URL: /boards/bf225fa8-11f3-4066-88a5-92bd34838b53, status: 200, query object: {}, request body: {}","level":"info"}
{"message":"   Unhandled rejection detected: 404","level":"error"}
{"message":"    Method: GET, URL: /boards/bf225fa8-11f3-4066-88a5-92bd34838b52, status: 200, query object: {}, request body: {}","level":"info"}
{"message":"   Unhandled rejection detected: 404","level":"error"}
{"message":"    Method: POST, URL: /boards, status: 200, query object: {}, request body: {\"title\":\"string\",\"columns\":[{\"title\":\"string\",\"order\":0}]}","level":"info"}
{"message":"    Method: GET, URL: /boards, status: 200, query object: {}, request body: {}","level":"info"}
{"message":"    Method: GET, URL: /boards/7a820e3a-c683-47bb-82b0-cffb9a4e0210, status: 200, query object: {}, request body: {}","level":"info"}
{"message":"    Method: GET, URL: /boards/7a820e3a-c683-47bb-82b0-cffb9a4e0211, status: 200, query object: {}, request body: {}","level":"info"}
{"message":"   Unhandled rejection detected: 404","level":"error"}
{"message":"    Method: POST, URL: /boards, status: 200, query object: {}, request body: {\"title\":\"string\",\"columns\":[{\"title\":\"string\",\"order\":0}]}","level":"info"}
{"message":"    Method: GET, URL: /boards/7bf86892-dc89-43ec-a26a-c04b05859c85, status: 200, query object: {}, request body: {}","level":"info"}
{"message":"    Method: GET, URL: /boards/7bf86892-dc89-43ec-a26a-c04b05859c84, status: 200, query object: {}, request body: {}","level":"info"}
{"message":"   Unhandled rejection detected: 404","level":"error"}
{"message":"    Method: GET, URL: /boards/7bf86892-dc89-43ec-a26a-c04b05859c84, status: 200, query object: {}, request body: {}","level":"info"}
{"message":"   Unhandled rejection detected: 404","level":"error"}
{"message":"    Method: GET, URL: /boards/7bf86892-dc89-43ec-a26a-c04b05859c84, status: 200, query object: {}, request body: {}","level":"info"}
{"message":"   Unhandled rejection detected: 404","level":"error"}
{"message":"    Method: GET, URL: /boards/7bf86892-dc89-43ec-a26a-c04b05859c84, status: 200, query object: {}, request body: {}","level":"info"}
{"message":"   Unhandled rejection detected: 404","level":"error"}
{"message":"    Method: POST, URL: /boards, status: 200, query object: {}, request body: {\"title\":\"string\",\"columns\":[{\"title\":\"string\",\"order\":0}]}","level":"info"}
{"message":"    Method: GET, URL: /boards/0c8234f9-d5d8-4939-a39b-61207661378e, status: 200, query object: {}, request body: {}","level":"info"}
{"message":"    Method: GET, URL: /boards/0c8234f9-d5d8-4939-a39b-61207661378x, status: 200, query object: {}, request body: {}","level":"info"}
{"message":"   Unhandled rejection detected: 404","level":"error"}
{"message":"    Method: GET, URL: /boards/0c8234f9-d5d8-4939-a39b-61207661378x, status: 200, query object: {}, request body: {}","level":"info"}
{"message":"   Unhandled rejection detected: 404","level":"error"}
{"message":"    Method: GET, URL: /boards/0c8234f9-d5d8-4939-a39b-61207661378x, status: 200, query object: {}, request body: {}","level":"info"}
{"message":"   Unhandled rejection detected: 404","level":"error"}
{"message":"    Method: GET, URL: /boards/0c8234f9-d5d8-4939-a39b-61207661378x, query object: {}, request body: {}","level":"info"}
{"message":"   Unhandled rejection detected: 404","level":"error"}
{"message":"    Method: GET, URL: /boards/0c8234f9-d5d8-4939-a39b-61207661378x, query object: {}, request body: {}","level":"info"}
{"message":"   Unhandled rejection detected: 404","level":"error"}
{"message":"    Method: POST, URL: /boards, query object: {}, request body: {\"title\":\"string\",\"columns\":[{\"title\":\"string\",\"order\":0}]}","level":"info"}
{"message":"    Method: GET, URL: /boards/37418ed8-4fe8-4103-beff-5b1de8683323, query object: {}, request body: {}","level":"info"}
{"message":"    Method: GET, URL: /boards/37418ed8-4fe8-4103-beff-5b1de8683322, query object: {}, request body: {}","level":"info"}
{"message":"   Unhandled rejection detected: 404","level":"error"}
{"message":"    Method: GET, URL: /boards/37418ed8-4fe8-4103-beff-5b1de8683322, query object: {}, request body: {}","level":"info"}
{"message":"   Unhandled rejection detected: 404","level":"error"}
{"message":"    Method: GET, URL: /boards/37418ed8-4fe8-4103-beff-5b1de8683322, query object: {}, request body: {}","level":"info"}
{"message":"   Unhandled rejection detected: 404","level":"error"}
{"message":"    Method: GET, URL: /boards/37418ed8-4fe8-4103-beff-5b1de8683322, query object: {}, request body: {}","level":"info"}
{"message":"   Unhandled rejection detected: 404","level":"error"}
{"message":"    Method: GET, URL: /boards/37418ed8-4fe8-4103-beff-5b1de8683322, query object: {}, request body: {}","level":"info"}
{"message":"   Unhandled rejection detected: 404","level":"error"}
{"message":"    Method: GET, URL: /boards/37418ed8-4fe8-4103-beff-5b1de8683322, query object: {}, request body: {}","level":"info"}
{"message":"   Unhandled rejection detected: 404","level":"error"}
{"message":"    Method: GET, URL: /boards/37418ed8-4fe8-4103-beff-5b1de8683322, query object: {}, request body: {}","level":"info"}
{"message":"   Unhandled rejection detected: 404","level":"error"}
{"message":"    Method: GET, URL: /boards/37418ed8-4fe8-4103-beff-5b1de8683322, query object: {}, request body: {}","level":"info"}
{"message":"   Unhandled rejection detected: 404","level":"error"}
{"message":"    Method: GET, URL: /boards/37418ed8-4fe8-4103-beff-5b1de8683322, query object: {}, request body: {}","level":"info"}
{"message":"    Method: GET, URL: /boards/37418ed8-4fe8-4103-beff-5b1de8683322, query object: {}, request body: {}","level":"info"}
{"message":"    Method: GET, URL: /boards/37418ed8-4fe8-4103-beff-5b1de8683322, query object: {}, request body: {}","level":"info"}
{"message":"    Method: GET, URL: /boards/37418ed8-4fe8-4103-beff-5b1de8683322, query object: {}, request body: {}","level":"info"}
{"message":"    Method: GET, URL: /boards/37418ed8-4fe8-4103-beff-5b1de8683322, query object: {}, request body: {}","level":"info"}
{"message":"    Method: GET, URL: /boards/37418ed8-4fe8-4103-beff-5b1de8683322, query object: {}, request body: {}","level":"info"}
{"message":"    Method: GET, URL: /boards/37418ed8-4fe8-4103-beff-5b1de8683322, query object: {}, request body: {}","level":"info"}
